2025-12-01 05:27:40,194 INFO o.a.j.u.JMeterUtils: Setting Locale to en_EN
2025-12-01 05:27:40,278 INFO o.a.j.JMeter: Loading user properties from: /opt/jmeter/bin/user.properties
2025-12-01 05:27:40,278 INFO o.a.j.JMeter: Loading system properties from: /opt/jmeter/bin/system.properties
2025-12-01 05:27:40,283 INFO o.a.j.JMeter: Copyright (c) 1998-2024 The Apache Software Foundation
2025-12-01 05:27:40,283 INFO o.a.j.JMeter: Version 5.6.3
2025-12-01 05:27:40,283 INFO o.a.j.JMeter: java.version=17.0.11
2025-12-01 05:27:40,283 INFO o.a.j.JMeter: java.vm.name=OpenJDK 64-Bit Server VM
2025-12-01 05:27:40,283 INFO o.a.j.JMeter: os.name=Linux
2025-12-01 05:27:40,283 INFO o.a.j.JMeter: os.arch=amd64
2025-12-01 05:27:40,283 INFO o.a.j.JMeter: os.version=6.5.0-44-generic
2025-12-01 05:27:40,283 INFO o.a.j.JMeter: file.encoding=UTF-8
2025-12-01 05:27:40,283 INFO o.a.j.JMeter: java.awt.headless=null
2025-12-01 05:27:40,284 INFO o.a.j.JMeter: Max memory     =1073741824
2025-12-01 05:27:40,284 INFO o.a.j.JMeter: Available Processors =12
2025-12-01 05:27:40,291 INFO o.a.j.JMeter: Default Locale=English (EN)
2025-12-01 05:27:40,291 INFO o.a.j.JMeter: JMeter  Locale=English (EN)
2025-12-01 05:27:40,291 INFO o.a.j.JMeter: JMeterHome=/opt/jmeter
2025-12-01 05:27:40,291 INFO o.a.j.JMeter: user.dir  =/home/tanmayy-2312/Desktop/Spring_Tool_WorkSpace/Assignment 6/flightapp-flight-service
2025-12-01 05:27:40,291 INFO o.a.j.JMeter: PWD       =/home/tanmayy-2312/Desktop/Spring_Tool_WorkSpace/Assignment 6/flightapp-flight-service
2025-12-01 05:27:40,291 INFO o.a.j.JMeter: IP: 127.0.1.1 Name: tanmay-2312 FullName: tanmay-2312
2025-12-01 05:27:40,302 INFO o.a.j.JMeter: Loaded icon properties from org/apache/jmeter/images/icon.properties
2025-12-01 05:27:40,530 INFO o.a.j.JMeterGuiLauncher: Setting LAF to: com.github.weisj.darklaf.DarkLaf:com.github.weisj.darklaf.theme.DarculaTheme
2025-12-01 05:28:01,047 INFO o.a.j.s.FileServer: Default base='/home/tanmayy-2312/Desktop/Spring_Tool_WorkSpace/Assignment 6/flightapp-flight-service'
2025-12-01 05:28:01,049 INFO o.a.j.g.a.Load: Loading file: /home/tanmayy-2312/Desktop/Jmeter-testing/Thread Group.jmx
2025-12-01 05:28:01,049 INFO o.a.j.s.FileServer: Set new base='/home/tanmayy-2312/Desktop/Jmeter-testing'
2025-12-01 05:28:01,162 INFO o.a.j.s.SaveService: Testplan (JMX) version: 2.2. Testlog (JTL) version: 2.2
2025-12-01 05:28:01,177 INFO o.a.j.s.SaveService: Using SaveService properties version 5.0
2025-12-01 05:28:01,178 INFO o.a.j.s.SaveService: Using SaveService properties file encoding UTF-8
2025-12-01 05:28:01,179 INFO o.a.j.s.SaveService: Loading file: /home/tanmayy-2312/Desktop/Jmeter-testing/Thread Group.jmx
2025-12-01 05:28:01,227 INFO o.a.j.p.h.s.HTTPSamplerBase: Parser for text/html is org.apache.jmeter.protocol.http.parser.LagartoBasedHtmlParser
2025-12-01 05:28:01,227 INFO o.a.j.p.h.s.HTTPSamplerBase: Parser for application/xhtml+xml is org.apache.jmeter.protocol.http.parser.LagartoBasedHtmlParser
2025-12-01 05:28:01,227 INFO o.a.j.p.h.s.HTTPSamplerBase: Parser for application/xml is org.apache.jmeter.protocol.http.parser.LagartoBasedHtmlParser
2025-12-01 05:28:01,227 INFO o.a.j.p.h.s.HTTPSamplerBase: Parser for text/xml is org.apache.jmeter.protocol.http.parser.LagartoBasedHtmlParser
2025-12-01 05:28:01,227 INFO o.a.j.p.h.s.HTTPSamplerBase: Parser for text/vnd.wap.wml is org.apache.jmeter.protocol.http.parser.RegexpHTMLParser
2025-12-01 05:28:01,227 INFO o.a.j.p.h.s.HTTPSamplerBase: Parser for text/css is org.apache.jmeter.protocol.http.parser.CssParser
2025-12-01 05:28:01,388 INFO o.a.j.s.SampleResult: Note: Sample TimeStamps are START times
2025-12-01 05:28:01,388 INFO o.a.j.s.SampleResult: sampleresult.default.encoding is set to UTF-8
2025-12-01 05:28:01,390 INFO o.a.j.s.SampleResult: sampleresult.useNanoTime=true
2025-12-01 05:28:01,390 INFO o.a.j.s.SampleResult: sampleresult.nanoThreadSleep=5000
2025-12-01 05:28:01,542 INFO o.a.j.s.FileServer: Set new base='/home/tanmayy-2312/Desktop/Jmeter-testing'
2025-12-01 05:37:00,899 INFO o.a.j.e.StandardJMeterEngine: Running the test!
2025-12-01 05:37:00,932 INFO o.a.j.s.SampleEvent: List of sample_variables: []
2025-12-01 05:37:00,932 INFO o.a.j.s.SampleEvent: List of sample_variables: []
2025-12-01 05:37:00,933 INFO o.a.j.e.u.CompoundVariable: Note: Function class names must contain the string: '.functions.'
2025-12-01 05:37:00,933 INFO o.a.j.e.u.CompoundVariable: Note: Function class names must not contain the string: '.gui.'
2025-12-01 05:37:00,969 INFO o.a.j.g.u.JMeterMenuBar: setRunning(true, *local*)
2025-12-01 05:37:01,000 INFO o.a.j.e.StandardJMeterEngine: Starting ThreadGroup: 1 : Flight Booking Testing
2025-12-01 05:37:01,000 INFO o.a.j.e.StandardJMeterEngine: Starting 20 threads for group Flight Booking Testing.
2025-12-01 05:37:01,000 INFO o.a.j.e.StandardJMeterEngine: Thread will continue on error
2025-12-01 05:37:01,001 INFO o.a.j.t.ThreadGroup: Starting thread group... number=1 threads=20 ramp-up=1 delayedStart=false
2025-12-01 05:37:01,003 INFO o.a.j.t.JMeterThread: Thread started: Flight Booking Testing 1-1
2025-12-01 05:37:01,008 INFO o.a.j.t.ThreadGroup: Started thread group number 1
2025-12-01 05:37:01,008 INFO o.a.j.e.StandardJMeterEngine: All thread groups have been started
2025-12-01 05:37:01,016 INFO o.a.j.p.h.s.HTTPHCAbstractImpl: Local host = tanmay-2312
2025-12-01 05:37:01,022 INFO o.a.j.p.h.s.HTTPHC4Impl: HTTP request retry count = 0
2025-12-01 05:37:01,052 INFO o.a.j.t.JMeterThread: Thread started: Flight Booking Testing 1-2
2025-12-01 05:37:01,102 INFO o.a.j.t.JMeterThread: Thread started: Flight Booking Testing 1-3
2025-12-01 05:37:01,152 INFO o.a.j.t.JMeterThread: Thread started: Flight Booking Testing 1-4
2025-12-01 05:37:01,201 INFO o.a.j.t.JMeterThread: Thread started: Flight Booking Testing 1-5
2025-12-01 05:37:01,252 INFO o.a.j.t.JMeterThread: Thread started: Flight Booking Testing 1-6
2025-12-01 05:37:01,302 INFO o.a.j.t.JMeterThread: Thread started: Flight Booking Testing 1-7
2025-12-01 05:37:01,352 INFO o.a.j.t.JMeterThread: Thread started: Flight Booking Testing 1-8
2025-12-01 05:37:01,401 INFO o.a.j.t.JMeterThread: Thread started: Flight Booking Testing 1-9
2025-12-01 05:37:01,451 INFO o.a.j.t.JMeterThread: Thread started: Flight Booking Testing 1-10
2025-12-01 05:37:01,502 INFO o.a.j.t.JMeterThread: Thread started: Flight Booking Testing 1-11
2025-12-01 05:37:01,552 INFO o.a.j.t.JMeterThread: Thread started: Flight Booking Testing 1-12
2025-12-01 05:37:01,601 INFO o.a.j.t.JMeterThread: Thread started: Flight Booking Testing 1-13
2025-12-01 05:37:01,652 INFO o.a.j.t.JMeterThread: Thread started: Flight Booking Testing 1-14
2025-12-01 05:37:01,702 INFO o.a.j.t.JMeterThread: Thread started: Flight Booking Testing 1-15
2025-12-01 05:37:01,752 INFO o.a.j.t.JMeterThread: Thread started: Flight Booking Testing 1-16
2025-12-01 05:37:01,801 INFO o.a.j.t.JMeterThread: Thread started: Flight Booking Testing 1-17
2025-12-01 05:37:01,852 INFO o.a.j.t.JMeterThread: Thread started: Flight Booking Testing 1-18
2025-12-01 05:37:01,902 INFO o.a.j.t.JMeterThread: Thread started: Flight Booking Testing 1-19
2025-12-01 05:37:01,952 INFO o.a.j.t.JMeterThread: Thread started: Flight Booking Testing 1-20
2025-12-01 05:37:03,124 INFO o.a.j.t.JMeterThread: Thread is done: Flight Booking Testing 1-4
2025-12-01 05:37:03,124 INFO o.a.j.t.JMeterThread: Thread is done: Flight Booking Testing 1-10
2025-12-01 05:37:03,124 INFO o.a.j.t.JMeterThread: Thread finished: Flight Booking Testing 1-4
2025-12-01 05:37:03,124 INFO o.a.j.t.JMeterThread: Thread is done: Flight Booking Testing 1-2
2025-12-01 05:37:03,124 INFO o.a.j.t.JMeterThread: Thread is done: Flight Booking Testing 1-18
2025-12-01 05:37:03,124 INFO o.a.j.t.JMeterThread: Thread finished: Flight Booking Testing 1-2
2025-12-01 05:37:03,124 INFO o.a.j.t.JMeterThread: Thread is done: Flight Booking Testing 1-13
2025-12-01 05:37:03,124 INFO o.a.j.t.JMeterThread: Thread finished: Flight Booking Testing 1-13
2025-12-01 05:37:03,124 INFO o.a.j.t.JMeterThread: Thread is done: Flight Booking Testing 1-1
2025-12-01 05:37:03,124 INFO o.a.j.t.JMeterThread: Thread finished: Flight Booking Testing 1-1
2025-12-01 05:37:03,124 INFO o.a.j.t.JMeterThread: Thread is done: Flight Booking Testing 1-11
2025-12-01 05:37:03,125 INFO o.a.j.t.JMeterThread: Thread finished: Flight Booking Testing 1-11
2025-12-01 05:37:03,125 INFO o.a.j.t.JMeterThread: Thread is done: Flight Booking Testing 1-20
2025-12-01 05:37:03,125 INFO o.a.j.t.JMeterThread: Thread finished: Flight Booking Testing 1-20
2025-12-01 05:37:03,124 INFO o.a.j.t.JMeterThread: Thread is done: Flight Booking Testing 1-12
2025-12-01 05:37:03,125 INFO o.a.j.t.JMeterThread: Thread is done: Flight Booking Testing 1-7
2025-12-01 05:37:03,125 INFO o.a.j.t.JMeterThread: Thread is done: Flight Booking Testing 1-14
2025-12-01 05:37:03,125 INFO o.a.j.t.JMeterThread: Thread finished: Flight Booking Testing 1-14
2025-12-01 05:37:03,125 INFO o.a.j.t.JMeterThread: Thread finished: Flight Booking Testing 1-12
2025-12-01 05:37:03,126 INFO o.a.j.t.JMeterThread: Thread is done: Flight Booking Testing 1-6
2025-12-01 05:37:03,126 INFO o.a.j.t.JMeterThread: Thread finished: Flight Booking Testing 1-6
2025-12-01 05:37:03,124 INFO o.a.j.t.JMeterThread: Thread is done: Flight Booking Testing 1-15
2025-12-01 05:37:03,126 INFO o.a.j.t.JMeterThread: Thread finished: Flight Booking Testing 1-15
2025-12-01 05:37:03,124 INFO o.a.j.t.JMeterThread: Thread finished: Flight Booking Testing 1-10
2025-12-01 05:37:03,126 INFO o.a.j.t.JMeterThread: Thread finished: Flight Booking Testing 1-18
2025-12-01 05:37:03,126 INFO o.a.j.t.JMeterThread: Thread is done: Flight Booking Testing 1-17
2025-12-01 05:37:03,127 INFO o.a.j.t.JMeterThread: Thread finished: Flight Booking Testing 1-7
2025-12-01 05:37:03,127 INFO o.a.j.t.JMeterThread: Thread is done: Flight Booking Testing 1-9
2025-12-01 05:37:03,127 INFO o.a.j.t.JMeterThread: Thread finished: Flight Booking Testing 1-9
2025-12-01 05:37:03,127 INFO o.a.j.t.JMeterThread: Thread is done: Flight Booking Testing 1-16
2025-12-01 05:37:03,127 INFO o.a.j.t.JMeterThread: Thread finished: Flight Booking Testing 1-16
2025-12-01 05:37:03,127 INFO o.a.j.t.JMeterThread: Thread is done: Flight Booking Testing 1-5
2025-12-01 05:37:03,127 INFO o.a.j.t.JMeterThread: Thread finished: Flight Booking Testing 1-5
2025-12-01 05:37:03,127 INFO o.a.j.t.JMeterThread: Thread is done: Flight Booking Testing 1-8
2025-12-01 05:37:03,127 INFO o.a.j.t.JMeterThread: Thread finished: Flight Booking Testing 1-17
2025-12-01 05:37:03,127 INFO o.a.j.t.JMeterThread: Thread finished: Flight Booking Testing 1-8
2025-12-01 05:37:03,128 INFO o.a.j.t.JMeterThread: Thread is done: Flight Booking Testing 1-19
2025-12-01 05:37:03,128 INFO o.a.j.t.JMeterThread: Thread finished: Flight Booking Testing 1-19
2025-12-01 05:37:03,130 INFO o.a.j.t.JMeterThread: Thread is done: Flight Booking Testing 1-3
2025-12-01 05:37:03,130 INFO o.a.j.t.JMeterThread: Thread finished: Flight Booking Testing 1-3
2025-12-01 05:37:03,130 INFO o.a.j.e.StandardJMeterEngine: Notifying test listeners of end of test
2025-12-01 05:37:03,131 INFO o.a.j.g.u.JMeterMenuBar: setRunning(false, *local*)
2025-12-01 05:38:41,116 INFO o.a.j.e.StandardJMeterEngine: Running the test!
2025-12-01 05:38:41,161 INFO o.a.j.s.SampleEvent: List of sample_variables: []
2025-12-01 05:38:41,162 INFO o.a.j.g.u.JMeterMenuBar: setRunning(true, *local*)
2025-12-01 05:38:41,193 INFO o.a.j.e.StandardJMeterEngine: Starting ThreadGroup: 1 : Flight Booking Testing
2025-12-01 05:38:41,193 INFO o.a.j.e.StandardJMeterEngine: Starting 20 threads for group Flight Booking Testing.
2025-12-01 05:38:41,193 INFO o.a.j.e.StandardJMeterEngine: Thread will continue on error
2025-12-01 05:38:41,193 INFO o.a.j.t.ThreadGroup: Starting thread group... number=1 threads=20 ramp-up=1 delayedStart=false
2025-12-01 05:38:41,194 INFO o.a.j.t.JMeterThread: Thread started: Flight Booking Testing 1-1
2025-12-01 05:38:41,197 INFO o.a.j.t.ThreadGroup: Started thread group number 1
2025-12-01 05:38:41,197 INFO o.a.j.e.StandardJMeterEngine: All thread groups have been started
2025-12-01 05:38:41,243 INFO o.a.j.t.JMeterThread: Thread started: Flight Booking Testing 1-2
2025-12-01 05:38:41,293 INFO o.a.j.t.JMeterThread: Thread started: Flight Booking Testing 1-3
2025-12-01 05:38:41,344 INFO o.a.j.t.JMeterThread: Thread started: Flight Booking Testing 1-4
2025-12-01 05:38:41,394 INFO o.a.j.t.JMeterThread: Thread started: Flight Booking Testing 1-5
2025-12-01 05:38:41,443 INFO o.a.j.t.JMeterThread: Thread started: Flight Booking Testing 1-6
2025-12-01 05:38:41,493 INFO o.a.j.t.JMeterThread: Thread started: Flight Booking Testing 1-7
2025-12-01 05:38:41,543 INFO o.a.j.t.JMeterThread: Thread started: Flight Booking Testing 1-8
2025-12-01 05:38:41,594 INFO o.a.j.t.JMeterThread: Thread started: Flight Booking Testing 1-9
2025-12-01 05:38:41,644 INFO o.a.j.t.JMeterThread: Thread started: Flight Booking Testing 1-10
2025-12-01 05:38:41,694 INFO o.a.j.t.JMeterThread: Thread started: Flight Booking Testing 1-11
2025-12-01 05:38:41,743 INFO o.a.j.t.JMeterThread: Thread started: Flight Booking Testing 1-12
2025-12-01 05:38:41,793 INFO o.a.j.t.JMeterThread: Thread started: Flight Booking Testing 1-13
2025-12-01 05:38:41,844 INFO o.a.j.t.JMeterThread: Thread started: Flight Booking Testing 1-14
2025-12-01 05:38:41,894 INFO o.a.j.t.JMeterThread: Thread started: Flight Booking Testing 1-15
2025-12-01 05:38:41,944 INFO o.a.j.t.JMeterThread: Thread started: Flight Booking Testing 1-16
2025-12-01 05:38:41,994 INFO o.a.j.t.JMeterThread: Thread started: Flight Booking Testing 1-17
2025-12-01 05:38:42,043 INFO o.a.j.t.JMeterThread: Thread started: Flight Booking Testing 1-18
2025-12-01 05:38:42,093 INFO o.a.j.t.JMeterThread: Thread started: Flight Booking Testing 1-19
2025-12-01 05:38:42,144 INFO o.a.j.t.JMeterThread: Thread started: Flight Booking Testing 1-20
2025-12-01 05:39:12,464 INFO o.a.j.t.JMeterThread: Thread is done: Flight Booking Testing 1-7
2025-12-01 05:39:12,464 INFO o.a.j.t.JMeterThread: Thread finished: Flight Booking Testing 1-7
2025-12-01 05:39:12,688 INFO o.a.j.t.JMeterThread: Thread is done: Flight Booking Testing 1-1
2025-12-01 05:39:12,688 INFO o.a.j.t.JMeterThread: Thread finished: Flight Booking Testing 1-1
2025-12-01 05:39:12,691 INFO o.a.j.t.JMeterThread: Thread is done: Flight Booking Testing 1-15
2025-12-01 05:39:12,691 INFO o.a.j.t.JMeterThread: Thread finished: Flight Booking Testing 1-15
2025-12-01 05:39:12,695 INFO o.a.j.t.JMeterThread: Thread is done: Flight Booking Testing 1-18
2025-12-01 05:39:12,695 INFO o.a.j.t.JMeterThread: Thread finished: Flight Booking Testing 1-18
2025-12-01 05:39:12,698 INFO o.a.j.t.JMeterThread: Thread is done: Flight Booking Testing 1-13
2025-12-01 05:39:12,699 INFO o.a.j.t.JMeterThread: Thread finished: Flight Booking Testing 1-13
2025-12-01 05:39:12,701 INFO o.a.j.t.JMeterThread: Thread is done: Flight Booking Testing 1-14
2025-12-01 05:39:12,701 INFO o.a.j.t.JMeterThread: Thread finished: Flight Booking Testing 1-14
2025-12-01 05:39:12,705 INFO o.a.j.t.JMeterThread: Thread is done: Flight Booking Testing 1-3
2025-12-01 05:39:12,705 INFO o.a.j.t.JMeterThread: Thread finished: Flight Booking Testing 1-3
2025-12-01 05:39:12,708 INFO o.a.j.t.JMeterThread: Thread is done: Flight Booking Testing 1-5
2025-12-01 05:39:12,708 INFO o.a.j.t.JMeterThread: Thread finished: Flight Booking Testing 1-5
2025-12-01 05:39:12,713 INFO o.a.j.t.JMeterThread: Thread is done: Flight Booking Testing 1-19
2025-12-01 05:39:12,713 INFO o.a.j.t.JMeterThread: Thread finished: Flight Booking Testing 1-19
2025-12-01 05:39:12,715 INFO o.a.j.t.JMeterThread: Thread is done: Flight Booking Testing 1-20
2025-12-01 05:39:12,715 INFO o.a.j.t.JMeterThread: Thread finished: Flight Booking Testing 1-20
2025-12-01 05:39:12,735 INFO o.a.j.t.JMeterThread: Thread is done: Flight Booking Testing 1-6
2025-12-01 05:39:12,736 INFO o.a.j.t.JMeterThread: Thread finished: Flight Booking Testing 1-6
2025-12-01 05:39:13,036 INFO o.a.j.t.JMeterThread: Thread is done: Flight Booking Testing 1-2
2025-12-01 05:39:13,036 INFO o.a.j.t.JMeterThread: Thread is done: Flight Booking Testing 1-12
2025-12-01 05:39:13,036 INFO o.a.j.t.JMeterThread: Thread finished: Flight Booking Testing 1-2
2025-12-01 05:39:13,036 INFO o.a.j.t.JMeterThread: Thread finished: Flight Booking Testing 1-12
2025-12-01 05:39:13,040 INFO o.a.j.t.JMeterThread: Thread is done: Flight Booking Testing 1-4
2025-12-01 05:39:13,040 INFO o.a.j.t.JMeterThread: Thread is done: Flight Booking Testing 1-8
2025-12-01 05:39:13,040 INFO o.a.j.t.JMeterThread: Thread is done: Flight Booking Testing 1-16
2025-12-01 05:39:13,040 INFO o.a.j.t.JMeterThread: Thread finished: Flight Booking Testing 1-16
2025-12-01 05:39:13,040 INFO o.a.j.t.JMeterThread: Thread finished: Flight Booking Testing 1-4
2025-12-01 05:39:13,040 INFO o.a.j.t.JMeterThread: Thread finished: Flight Booking Testing 1-8
2025-12-01 05:39:13,041 INFO o.a.j.t.JMeterThread: Thread is done: Flight Booking Testing 1-11
2025-12-01 05:39:13,041 INFO o.a.j.t.JMeterThread: Thread finished: Flight Booking Testing 1-11
2025-12-01 05:39:13,041 INFO o.a.j.t.JMeterThread: Thread is done: Flight Booking Testing 1-9
2025-12-01 05:39:13,041 INFO o.a.j.t.JMeterThread: Thread is done: Flight Booking Testing 1-17
2025-12-01 05:39:13,041 INFO o.a.j.t.JMeterThread: Thread finished: Flight Booking Testing 1-9
2025-12-01 05:39:13,041 INFO o.a.j.t.JMeterThread: Thread finished: Flight Booking Testing 1-17
2025-12-01 05:39:13,051 INFO o.a.j.t.JMeterThread: Thread is done: Flight Booking Testing 1-10
2025-12-01 05:39:13,051 INFO o.a.j.t.JMeterThread: Thread finished: Flight Booking Testing 1-10
2025-12-01 05:39:13,051 INFO o.a.j.e.StandardJMeterEngine: Notifying test listeners of end of test
2025-12-01 05:39:13,051 INFO o.a.j.g.u.JMeterMenuBar: setRunning(false, *local*)
2025-12-01 05:39:38,628 INFO o.a.j.e.StandardJMeterEngine: Running the test!
2025-12-01 05:39:38,628 INFO o.a.j.s.SampleEvent: List of sample_variables: []
2025-12-01 05:39:38,629 INFO o.a.j.g.u.JMeterMenuBar: setRunning(true, *local*)
2025-12-01 05:39:38,631 INFO o.a.j.e.StandardJMeterEngine: Starting ThreadGroup: 1 : Flight Booking Testing
2025-12-01 05:39:38,631 INFO o.a.j.e.StandardJMeterEngine: Starting 5 threads for group Flight Booking Testing.
2025-12-01 05:39:38,631 INFO o.a.j.e.StandardJMeterEngine: Thread will continue on error
2025-12-01 05:39:38,632 INFO o.a.j.t.ThreadGroup: Starting thread group... number=1 threads=5 ramp-up=1 delayedStart=false
2025-12-01 05:39:38,633 INFO o.a.j.t.ThreadGroup: Started thread group number 1
2025-12-01 05:39:38,634 INFO o.a.j.e.StandardJMeterEngine: All thread groups have been started
2025-12-01 05:39:38,636 INFO o.a.j.t.JMeterThread: Thread started: Flight Booking Testing 1-1
2025-12-01 05:39:38,740 INFO o.a.j.t.JMeterThread: Thread is done: Flight Booking Testing 1-1
2025-12-01 05:39:38,740 INFO o.a.j.t.JMeterThread: Thread finished: Flight Booking Testing 1-1
2025-12-01 05:39:38,836 INFO o.a.j.t.JMeterThread: Thread started: Flight Booking Testing 1-2
2025-12-01 05:39:38,941 INFO o.a.j.t.JMeterThread: Thread is done: Flight Booking Testing 1-2
2025-12-01 05:39:38,941 INFO o.a.j.t.JMeterThread: Thread finished: Flight Booking Testing 1-2
2025-12-01 05:39:39,036 INFO o.a.j.t.JMeterThread: Thread started: Flight Booking Testing 1-3
2025-12-01 05:39:39,133 INFO o.a.j.t.JMeterThread: Thread is done: Flight Booking Testing 1-3
2025-12-01 05:39:39,134 INFO o.a.j.t.JMeterThread: Thread finished: Flight Booking Testing 1-3
2025-12-01 05:39:39,235 INFO o.a.j.t.JMeterThread: Thread started: Flight Booking Testing 1-4
2025-12-01 05:39:39,328 INFO o.a.j.t.JMeterThread: Thread is done: Flight Booking Testing 1-4
2025-12-01 05:39:39,329 INFO o.a.j.t.JMeterThread: Thread finished: Flight Booking Testing 1-4
2025-12-01 05:39:39,435 INFO o.a.j.t.JMeterThread: Thread started: Flight Booking Testing 1-5
2025-12-01 05:39:39,532 INFO o.a.j.t.JMeterThread: Thread is done: Flight Booking Testing 1-5
2025-12-01 05:39:39,532 INFO o.a.j.t.JMeterThread: Thread finished: Flight Booking Testing 1-5
2025-12-01 05:39:39,533 INFO o.a.j.e.StandardJMeterEngine: Notifying test listeners of end of test
2025-12-01 05:39:39,533 INFO o.a.j.g.u.JMeterMenuBar: setRunning(false, *local*)
2025-12-01 05:44:04,542 INFO o.a.j.e.StandardJMeterEngine: Running the test!
2025-12-01 05:44:04,586 INFO o.a.j.s.SampleEvent: List of sample_variables: []
2025-12-01 05:44:04,587 INFO o.a.j.g.u.JMeterMenuBar: setRunning(true, *local*)
2025-12-01 05:44:04,618 INFO o.a.j.e.StandardJMeterEngine: Starting ThreadGroup: 1 : Flight Booking Testing
2025-12-01 05:44:04,618 INFO o.a.j.e.StandardJMeterEngine: Starting 5 threads for group Flight Booking Testing.
2025-12-01 05:44:04,618 INFO o.a.j.e.StandardJMeterEngine: Thread will continue on error
2025-12-01 05:44:04,618 INFO o.a.j.t.ThreadGroup: Starting thread group... number=1 threads=5 ramp-up=1 delayedStart=false
2025-12-01 05:44:04,619 INFO o.a.j.t.JMeterThread: Thread started: Flight Booking Testing 1-1
2025-12-01 05:44:04,620 INFO o.a.j.t.ThreadGroup: Started thread group number 1
2025-12-01 05:44:04,620 INFO o.a.j.e.StandardJMeterEngine: All thread groups have been started
2025-12-01 05:44:04,714 INFO o.a.j.t.JMeterThread: Thread is done: Flight Booking Testing 1-1
2025-12-01 05:44:04,714 INFO o.a.j.t.JMeterThread: Thread finished: Flight Booking Testing 1-1
2025-12-01 05:44:04,818 INFO o.a.j.t.JMeterThread: Thread started: Flight Booking Testing 1-2
2025-12-01 05:44:04,899 INFO o.a.j.t.JMeterThread: Thread is done: Flight Booking Testing 1-2
2025-12-01 05:44:04,899 INFO o.a.j.t.JMeterThread: Thread finished: Flight Booking Testing 1-2
2025-12-01 05:44:05,019 INFO o.a.j.t.JMeterThread: Thread started: Flight Booking Testing 1-3
2025-12-01 05:44:05,102 INFO o.a.j.t.JMeterThread: Thread is done: Flight Booking Testing 1-3
2025-12-01 05:44:05,102 INFO o.a.j.t.JMeterThread: Thread finished: Flight Booking Testing 1-3
2025-12-01 05:44:05,219 INFO o.a.j.t.JMeterThread: Thread started: Flight Booking Testing 1-4
2025-12-01 05:44:05,305 INFO o.a.j.t.JMeterThread: Thread is done: Flight Booking Testing 1-4
2025-12-01 05:44:05,305 INFO o.a.j.t.JMeterThread: Thread finished: Flight Booking Testing 1-4
2025-12-01 05:44:05,419 INFO o.a.j.t.JMeterThread: Thread started: Flight Booking Testing 1-5
2025-12-01 05:44:05,515 INFO o.a.j.t.JMeterThread: Thread is done: Flight Booking Testing 1-5
2025-12-01 05:44:05,516 INFO o.a.j.t.JMeterThread: Thread finished: Flight Booking Testing 1-5
2025-12-01 05:44:05,516 INFO o.a.j.e.StandardJMeterEngine: Notifying test listeners of end of test
2025-12-01 05:44:05,516 INFO o.a.j.g.u.JMeterMenuBar: setRunning(false, *local*)
2025-12-01 05:45:07,981 INFO o.a.j.e.StandardJMeterEngine: Running the test!
2025-12-01 05:45:07,982 INFO o.a.j.s.SampleEvent: List of sample_variables: []
2025-12-01 05:45:07,982 INFO o.a.j.g.u.JMeterMenuBar: setRunning(true, *local*)
2025-12-01 05:45:08,017 INFO o.a.j.e.StandardJMeterEngine: Starting ThreadGroup: 1 : Flight Booking Testing
2025-12-01 05:45:08,017 INFO o.a.j.e.StandardJMeterEngine: Starting 5 threads for group Flight Booking Testing.
2025-12-01 05:45:08,017 INFO o.a.j.e.StandardJMeterEngine: Thread will continue on error
2025-12-01 05:45:08,017 INFO o.a.j.t.ThreadGroup: Starting thread group... number=1 threads=5 ramp-up=1 delayedStart=false
2025-12-01 05:45:08,018 INFO o.a.j.t.JMeterThread: Thread started: Flight Booking Testing 1-1
2025-12-01 05:45:08,019 INFO o.a.j.t.ThreadGroup: Started thread group number 1
2025-12-01 05:45:08,019 INFO o.a.j.e.StandardJMeterEngine: All thread groups have been started
2025-12-01 05:45:08,109 INFO o.a.j.t.JMeterThread: Thread is done: Flight Booking Testing 1-1
2025-12-01 05:45:08,109 INFO o.a.j.t.JMeterThread: Thread finished: Flight Booking Testing 1-1
2025-12-01 05:45:08,217 INFO o.a.j.t.JMeterThread: Thread started: Flight Booking Testing 1-2
2025-12-01 05:45:08,312 INFO o.a.j.t.JMeterThread: Thread is done: Flight Booking Testing 1-2
2025-12-01 05:45:08,312 INFO o.a.j.t.JMeterThread: Thread finished: Flight Booking Testing 1-2
2025-12-01 05:45:08,418 INFO o.a.j.t.JMeterThread: Thread started: Flight Booking Testing 1-3
2025-12-01 05:45:08,511 INFO o.a.j.t.JMeterThread: Thread is done: Flight Booking Testing 1-3
2025-12-01 05:45:08,511 INFO o.a.j.t.JMeterThread: Thread finished: Flight Booking Testing 1-3
2025-12-01 05:45:08,618 INFO o.a.j.t.JMeterThread: Thread started: Flight Booking Testing 1-4
2025-12-01 05:45:08,710 INFO o.a.j.t.JMeterThread: Thread is done: Flight Booking Testing 1-4
2025-12-01 05:45:08,711 INFO o.a.j.t.JMeterThread: Thread finished: Flight Booking Testing 1-4
2025-12-01 05:45:08,818 INFO o.a.j.t.JMeterThread: Thread started: Flight Booking Testing 1-5
2025-12-01 05:45:08,905 INFO o.a.j.t.JMeterThread: Thread is done: Flight Booking Testing 1-5
2025-12-01 05:45:08,905 INFO o.a.j.t.JMeterThread: Thread finished: Flight Booking Testing 1-5
2025-12-01 05:45:08,906 INFO o.a.j.e.StandardJMeterEngine: Notifying test listeners of end of test
2025-12-01 05:45:08,906 INFO o.a.j.g.u.JMeterMenuBar: setRunning(false, *local*)
2025-12-01 05:47:18,654 INFO o.a.j.e.StandardJMeterEngine: Running the test!
2025-12-01 05:47:18,655 INFO o.a.j.s.SampleEvent: List of sample_variables: []
2025-12-01 05:47:18,655 INFO o.a.j.g.u.JMeterMenuBar: setRunning(true, *local*)
2025-12-01 05:47:18,855 INFO o.a.j.e.StandardJMeterEngine: Starting ThreadGroup: 1 : Flight Booking Testing
2025-12-01 05:47:18,856 INFO o.a.j.e.StandardJMeterEngine: Starting 5 threads for group Flight Booking Testing.
2025-12-01 05:47:18,856 INFO o.a.j.e.StandardJMeterEngine: Thread will continue on error
2025-12-01 05:47:18,856 INFO o.a.j.t.ThreadGroup: Starting thread group... number=1 threads=5 ramp-up=1 delayedStart=false
2025-12-01 05:47:18,857 INFO o.a.j.t.JMeterThread: Thread started: Flight Booking Testing 1-1
2025-12-01 05:47:18,857 INFO o.a.j.t.ThreadGroup: Started thread group number 1
2025-12-01 05:47:18,857 INFO o.a.j.e.StandardJMeterEngine: All thread groups have been started
2025-12-01 05:47:19,049 INFO o.a.j.t.JMeterThread: Thread is done: Flight Booking Testing 1-1
2025-12-01 05:47:19,050 INFO o.a.j.t.JMeterThread: Thread finished: Flight Booking Testing 1-1
2025-12-01 05:47:19,057 INFO o.a.j.t.JMeterThread: Thread started: Flight Booking Testing 1-2
2025-12-01 05:47:19,143 INFO o.a.j.t.JMeterThread: Thread is done: Flight Booking Testing 1-2
2025-12-01 05:47:19,143 INFO o.a.j.t.JMeterThread: Thread finished: Flight Booking Testing 1-2
2025-12-01 05:47:19,257 INFO o.a.j.t.JMeterThread: Thread started: Flight Booking Testing 1-3
2025-12-01 05:47:19,354 INFO o.a.j.t.JMeterThread: Thread is done: Flight Booking Testing 1-3
2025-12-01 05:47:19,354 INFO o.a.j.t.JMeterThread: Thread finished: Flight Booking Testing 1-3
2025-12-01 05:47:19,456 INFO o.a.j.t.JMeterThread: Thread started: Flight Booking Testing 1-4
2025-12-01 05:47:19,551 INFO o.a.j.t.JMeterThread: Thread is done: Flight Booking Testing 1-4
2025-12-01 05:47:19,551 INFO o.a.j.t.JMeterThread: Thread finished: Flight Booking Testing 1-4
2025-12-01 05:47:19,657 INFO o.a.j.t.JMeterThread: Thread started: Flight Booking Testing 1-5
2025-12-01 05:47:19,748 INFO o.a.j.t.JMeterThread: Thread is done: Flight Booking Testing 1-5
2025-12-01 05:47:19,748 INFO o.a.j.t.JMeterThread: Thread finished: Flight Booking Testing 1-5
2025-12-01 05:47:19,748 INFO o.a.j.e.StandardJMeterEngine: Notifying test listeners of end of test
2025-12-01 05:47:19,749 INFO o.a.j.g.u.JMeterMenuBar: setRunning(false, *local*)
2025-12-01 05:47:48,048 INFO o.a.j.e.StandardJMeterEngine: Running the test!
2025-12-01 05:47:48,049 INFO o.a.j.s.SampleEvent: List of sample_variables: []
2025-12-01 05:47:48,049 INFO o.a.j.g.u.JMeterMenuBar: setRunning(true, *local*)
2025-12-01 05:47:48,054 INFO o.a.j.e.StandardJMeterEngine: Starting ThreadGroup: 1 : Flight Booking Testing
2025-12-01 05:47:48,054 INFO o.a.j.e.StandardJMeterEngine: Starting 5 threads for group Flight Booking Testing.
2025-12-01 05:47:48,054 INFO o.a.j.e.StandardJMeterEngine: Thread will continue on error
2025-12-01 05:47:48,054 INFO o.a.j.t.ThreadGroup: Starting thread group... number=1 threads=5 ramp-up=1 delayedStart=false
2025-12-01 05:47:48,055 INFO o.a.j.t.JMeterThread: Thread started: Flight Booking Testing 1-1
2025-12-01 05:47:48,056 INFO o.a.j.t.ThreadGroup: Started thread group number 1
2025-12-01 05:47:48,056 INFO o.a.j.e.StandardJMeterEngine: All thread groups have been started
2025-12-01 05:47:48,151 INFO o.a.j.t.JMeterThread: Thread is done: Flight Booking Testing 1-1
2025-12-01 05:47:48,151 INFO o.a.j.t.JMeterThread: Thread finished: Flight Booking Testing 1-1
2025-12-01 05:47:48,254 INFO o.a.j.t.JMeterThread: Thread started: Flight Booking Testing 1-2
2025-12-01 05:47:48,349 INFO o.a.j.t.JMeterThread: Thread is done: Flight Booking Testing 1-2
2025-12-01 05:47:48,349 INFO o.a.j.t.JMeterThread: Thread finished: Flight Booking Testing 1-2
2025-12-01 05:47:48,455 INFO o.a.j.t.JMeterThread: Thread started: Flight Booking Testing 1-3
2025-12-01 05:47:48,552 INFO o.a.j.t.JMeterThread: Thread is done: Flight Booking Testing 1-3
2025-12-01 05:47:48,552 INFO o.a.j.t.JMeterThread: Thread finished: Flight Booking Testing 1-3
2025-12-01 05:47:48,655 INFO o.a.j.t.JMeterThread: Thread started: Flight Booking Testing 1-4
2025-12-01 05:47:48,750 INFO o.a.j.t.JMeterThread: Thread is done: Flight Booking Testing 1-4
2025-12-01 05:47:48,750 INFO o.a.j.t.JMeterThread: Thread finished: Flight Booking Testing 1-4
2025-12-01 05:47:48,855 INFO o.a.j.t.JMeterThread: Thread started: Flight Booking Testing 1-5
2025-12-01 05:47:48,959 INFO o.a.j.t.JMeterThread: Thread is done: Flight Booking Testing 1-5
2025-12-01 05:47:48,959 INFO o.a.j.t.JMeterThread: Thread finished: Flight Booking Testing 1-5
2025-12-01 05:47:48,959 INFO o.a.j.e.StandardJMeterEngine: Notifying test listeners of end of test
2025-12-01 05:47:48,959 INFO o.a.j.g.u.JMeterMenuBar: setRunning(false, *local*)
